Registry store URI not provided. Using backend store URI.
[MLflow] Security middleware enabled with default settings (localhost-only). To allow connections from other hosts, use --host 0.0.0.0 and configure --allowed-hosts and --cors-allowed-origins.
/home/zied-convergen/ml_project/venv/lib/python3.14/site-packages/mlflow/server/fastapi_app.py:17: StarletteDeprecationWarning: starlette.middleware.wsgi is deprecated and will be removed in a future release. Please refer to https://github.com/abersheeran/a2wsgi as a replacement.
  from starlette.middleware.wsgi import WSGIResponder, build_environ
Traceback (most recent call last):
  File "<frozen runpy>", line 198, in _run_module_as_main
  File "<frozen runpy>", line 88, in _run_code
  File "/home/zied-convergen/ml_project/venv/lib/python3.14/site-packages/uvicorn/__main__.py", line 4, in <module>
    uvicorn.main()
    ~~~~~~~~~~~~^^
  File "/home/zied-convergen/ml_project/venv/lib/python3.14/site-packages/click/core.py", line 1569, in __call__
    return self.main(*args, **kwargs)
           ~~~~~~~~~^^^^^^^^^^^^^^^^^
  File "/home/zied-convergen/ml_project/venv/lib/python3.14/site-packages/click/core.py", line 1490, in main
    rv = self.invoke(ctx)
  File "/home/zied-convergen/ml_project/venv/lib/python3.14/site-packages/click/core.py", line 1353, in invoke
    return ctx.invoke(self.callback, **ctx.params)
           ~~~~~~~~~~^^^^^^^^^^^^^^^^^^^^^^^^^^^^^
  File "/home/zied-convergen/ml_project/venv/lib/python3.14/site-packages/click/core.py", line 907, in invoke
    return callback(*args, **kwargs)
  File "/home/zied-convergen/ml_project/venv/lib/python3.14/site-packages/uvicorn/main.py", line 441, in main
    run(
    ~~~^
        app,
        ^^^^
    ...<48 lines>...
        reset_contextvars=reset_contextvars,
        ^^^^^^^^^^^^^^^^^^^^^^^^^^^^^^^^^^^^
    )
    ^
  File "/home/zied-convergen/ml_project/venv/lib/python3.14/site-packages/uvicorn/main.py", line 609, in run
    config.load_app()
    ~~~~~~~~~~~~~~~^^
  File "/home/zied-convergen/ml_project/venv/lib/python3.14/site-packages/uvicorn/config.py", line 415, in load_app
    return import_from_string(self.app)
  File "/home/zied-convergen/ml_project/venv/lib/python3.14/site-packages/uvicorn/importer.py", line 19, in import_from_string
    module = importlib.import_module(module_str)
  File "/usr/lib/python3.14/importlib/__init__.py", line 88, in import_module
    return _bootstrap._gcd_import(name[level:], package, level)
           ~~~~~~~~~~~~~~~~~~~~~~^^^^^^^^^^^^^^^^^^^^^^^^^^^^^^
  File "<frozen importlib._bootstrap>", line 1406, in _gcd_import
  File "<frozen importlib._bootstrap>", line 1371, in _find_and_load
  File "<frozen importlib._bootstrap>", line 1342, in _find_and_load_unlocked
  File "<frozen importlib._bootstrap>", line 938, in _load_unlocked
  File "<frozen importlib._bootstrap_external>", line 759, in exec_module
  File "<frozen importlib._bootstrap>", line 491, in _call_with_frames_removed
  File "/home/zied-convergen/ml_project/venv/lib/python3.14/site-packages/mlflow/server/fastapi_app.py", line 25, in <module>
    from mlflow.server.assistant.api import assistant_router
  File "/home/zied-convergen/ml_project/venv/lib/python3.14/site-packages/mlflow/server/assistant/api.py", line 19, in <module>
    from mlflow.assistant.skill_installer import install_skills, list_installed_skills
  File "/home/zied-convergen/ml_project/venv/lib/python3.14/site-packages/mlflow/assistant/skill_installer.py", line 11, in <module>
    from importlib.abc import Traversable
ImportError: cannot import name 'Traversable' from 'importlib.abc' (/usr/lib/python3.14/importlib/abc.py)
2026/07/03 09:37:12 INFO mlflow.server.jobs.utils: Registered online_scoring_scheduler periodic task (runs every 1 minute)
2026/07/03 09:37:12 INFO mlflow.server.jobs.utils: Registered trace_archival_scheduler periodic task (polls every 1 minute and no-ops when trace archival is disabled or unconfigured)
